app/build/intermediates/manifest_merge_blame_file/debug/manifest-merger-blame-debug-report.txt
1<?xml version="1.0" encoding="utf-8"?>
2<manifest xmlns:android="http://schemas.android.com/apk/res/android"
3    package="com.example.workx"
4    android:versionCode="1"
5    android:versionName="1.0" >
6
7    <uses-sdk
8        android:minSdkVersion="24"
9        android:targetSdkVersion="34" />
10
11    <uses-permission android:name="android.permission.READ_EXTERNAL_STORAGE" />
11-->src\main\AndroidManifest.xml:5:5-80
11-->src\main\AndroidManifest.xml:5:22-77
12    <uses-permission android:name="android.permission.INTERNET" />
12-->src\main\AndroidManifest.xml:6:5-67
12-->src\main\AndroidManifest.xml:6:22-64
13    <uses-permission android:name="android.permission.CALL_PHONE" />
13-->src\main\AndroidManifest.xml:7:5-8:71
13-->src\main\AndroidManifest.xml:7:22-66
14    <uses-permission android:name="android.permission.ACCESS_NETWORK_STATE" />
14-->src\main\AndroidManifest.xml:9:5-79
14-->src\main\AndroidManifest.xml:9:22-76
15    <uses-permission android:name="android.permission.POST_NOTIFICATIONS" />
15-->[com.google.firebase:firebase-messaging:23.3.1] AndroidManifest.xml:23:5-77
15-->[com.google.firebase:firebase-messaging:23.3.1] AndroidManifest.xml:23:22-74
16    <uses-permission android:name="android.permission.WAKE_LOCK" /> <!-- Required by older versions of Google Play services to create IID tokens -->
16-->[com.google.firebase:firebase-messaging:23.3.1] AndroidManifest.xml:24:5-68
16-->[com.google.firebase:firebase-messaging:23.3.1] AndroidManifest.xml:24:22-65
17    <uses-permission android:name="com.google.android.c2dm.permission.RECEIVE" />
17-->[com.google.firebase:firebase-messaging:23.3.1] AndroidManifest.xml:26:5-82
17-->[com.google.firebase:firebase-messaging:23.3.1] AndroidManifest.xml:26:22-79
18    <uses-permission android:name="com.google.android.gms.permission.AD_ID" />
18-->[com.google.android.gms:play-services-measurement-api:21.5.0] AndroidManifest.xml:25:5-79
18-->[com.google.android.gms:play-services-measurement-api:21.5.0] AndroidManifest.xml:25:22-76
19    <uses-permission android:name="android.permission.ACCESS_ADSERVICES_ATTRIBUTION" />
19-->[com.google.android.gms:play-services-measurement-api:21.5.0] AndroidManifest.xml:26:5-88
19-->[com.google.android.gms:play-services-measurement-api:21.5.0] AndroidManifest.xml:26:22-85
20    <uses-permission android:name="android.permission.ACCESS_ADSERVICES_AD_ID" />
20-->[com.google.android.gms:play-services-measurement-api:21.5.0] AndroidManifest.xml:27:5-82
20-->[com.google.android.gms:play-services-measurement-api:21.5.0] AndroidManifest.xml:27:22-79
21    <uses-permission android:name="com.google.android.finsky.permission.BIND_GET_INSTALL_REFERRER_SERVICE" />
21-->[com.google.android.gms:play-services-measurement:21.5.0] AndroidManifest.xml:26:5-110
21-->[com.google.android.gms:play-services-measurement:21.5.0] AndroidManifest.xml:26:22-107
22
23    <permission
23-->[androidx.core:core:1.12.0] AndroidManifest.xml:22:5-24:47
24        android:name="com.example.workx.DYNAMIC_RECEIVER_NOT_EXPORTED_PERMISSION"
24-->[androidx.core:core:1.12.0] AndroidManifest.xml:23:9-81
25        android:protectionLevel="signature" />
25-->[androidx.core:core:1.12.0] AndroidManifest.xml:24:9-44
26
27    <uses-permission android:name="com.example.workx.DYNAMIC_RECEIVER_NOT_EXPORTED_PERMISSION" />
27-->[androidx.core:core:1.12.0] AndroidManifest.xml:26:5-97
27-->[androidx.core:core:1.12.0] AndroidManifest.xml:26:22-94
28
29    <application
29-->src\main\AndroidManifest.xml:11:5-54:19
30        android:allowBackup="true"
30-->src\main\AndroidManifest.xml:12:9-35
31        android:appComponentFactory="androidx.core.app.CoreComponentFactory"
31-->[androidx.core:core:1.12.0] AndroidManifest.xml:28:18-86
32        android:dataExtractionRules="@xml/data_extraction_rules"
32-->src\main\AndroidManifest.xml:13:9-65
33        android:debuggable="true"
34        android:extractNativeLibs="false"
35        android:fullBackupContent="@xml/backup_rules"
35-->src\main\AndroidManifest.xml:14:9-54
36        android:icon="@drawable/logo"
36-->src\main\AndroidManifest.xml:15:9-38
37        android:label="@string/app_name"
37-->src\main\AndroidManifest.xml:16:9-41
38        android:roundIcon="@drawable/logo"
38-->src\main\AndroidManifest.xml:17:9-43
39        android:supportsRtl="true"
39-->src\main\AndroidManifest.xml:18:9-35
40        android:testOnly="true"
41        android:theme="@style/Base.Theme.Auth_WorkX" >
41-->src\main\AndroidManifest.xml:19:9-53
42        <activity
42-->src\main\AndroidManifest.xml:21:9-26:52
43            android:name="com.example.workx.CreateAd"
43-->src\main\AndroidManifest.xml:22:13-37
44            android:exported="false"
44-->src\main\AndroidManifest.xml:23:13-37
45            android:parentActivityName="com.example.workx.Accueil"
45-->src\main\AndroidManifest.xml:26:13-50
46            android:theme="@style/Base.Theme.Auth_WorkX"
46-->src\main\AndroidManifest.xml:25:13-57
47            android:windowSoftInputMode="adjustResize" />
47-->src\main\AndroidManifest.xml:24:13-55
48        <activity
48-->src\main\AndroidManifest.xml:27:9-31:52
49            android:name="com.example.workx.Ad_Detail"
49-->src\main\AndroidManifest.xml:28:13-38
50            android:exported="false"
50-->src\main\AndroidManifest.xml:29:13-37
51            android:parentActivityName="com.example.workx.Accueil"
51-->src\main\AndroidManifest.xml:31:13-50
52            android:theme="@style/Base.Theme.Auth_WorkX" />
52-->src\main\AndroidManifest.xml:30:13-57
53        <activity
53-->src\main\AndroidManifest.xml:32:9-36:60
54            android:name="com.example.workx.Accueil"
54-->src\main\AndroidManifest.xml:33:13-36
55            android:exported="false"
55-->src\main\AndroidManifest.xml:34:13-37
56            android:theme="@style/Base.Theme.Auth_WorkX"
56-->src\main\AndroidManifest.xml:36:13-57
57            android:windowSoftInputMode="adjustResize" />
57-->src\main\AndroidManifest.xml:35:13-55
58        <activity
58-->src\main\AndroidManifest.xml:37:9-42:57
59            android:name="com.example.workx.Register"
59-->src\main\AndroidManifest.xml:38:13-37
60            android:exported="false"
60-->src\main\AndroidManifest.xml:39:13-37
61            android:parentActivityName="com.example.workx.MainActivity"
61-->src\main\AndroidManifest.xml:40:13-55
62            android:theme="@style/Base.Theme.WorkX"
62-->src\main\AndroidManifest.xml:41:13-52
63            android:windowSoftInputMode="adjustResize" />
63-->src\main\AndroidManifest.xml:42:13-55
64        <activity
64-->src\main\AndroidManifest.xml:43:9-53:20
65            android:name="com.example.workx.MainActivity"
65-->src\main\AndroidManifest.xml:44:13-41
66            android:exported="true"
66-->src\main\AndroidManifest.xml:45:13-36
67            android:theme="@style/Base.Theme.WorkX"
67-->src\main\AndroidManifest.xml:47:13-52
68            android:windowSoftInputMode="adjustResize" >
68-->src\main\AndroidManifest.xml:46:13-55
69            <intent-filter>
69-->src\main\AndroidManifest.xml:48:13-52:29
70                <action android:name="android.intent.action.MAIN" />
70-->src\main\AndroidManifest.xml:49:17-69
70-->src\main\AndroidManifest.xml:49:25-66
71
72                <category android:name="android.intent.category.LAUNCHER" />
72-->src\main\AndroidManifest.xml:51:17-77
72-->src\main\AndroidManifest.xml:51:27-74
73            </intent-filter>
74        </activity>
75
76        <service
76-->[com.google.firebase:firebase-storage:20.3.0] AndroidManifest.xml:27:9-36:19
77            android:name="com.google.firebase.components.ComponentDiscoveryService"
77-->[com.google.firebase:firebase-storage:20.3.0] AndroidManifest.xml:28:13-84
78            android:directBootAware="true"
78-->[com.google.firebase:firebase-common:20.4.2] AndroidManifest.xml:32:13-43
79            android:exported="false" >
79-->[com.google.firebase:firebase-storage:20.3.0] AndroidManifest.xml:29:13-37
80            <meta-data
80-->[com.google.firebase:firebase-storage:20.3.0] AndroidManifest.xml:30:13-32:85
81                android:name="com.google.firebase.components:com.google.firebase.storage.FirebaseStorageKtxRegistrar"
81-->[com.google.firebase:firebase-storage:20.3.0] AndroidManifest.xml:31:17-118
82                android:value="com.google.firebase.components.ComponentRegistrar" />
82-->[com.google.firebase:firebase-storage:20.3.0] AndroidManifest.xml:32:17-82
83            <meta-data
83-->[com.google.firebase:firebase-storage:20.3.0] AndroidManifest.xml:33:13-35:85
84                android:name="com.google.firebase.components:com.google.firebase.storage.StorageRegistrar"
84-->[com.google.firebase:firebase-storage:20.3.0] AndroidManifest.xml:34:17-107
85                android:value="com.google.firebase.components.ComponentRegistrar" />
85-->[com.google.firebase:firebase-storage:20.3.0] AndroidManifest.xml:35:17-82
86            <meta-data
86-->[com.google.firebase:firebase-messaging:23.3.1] AndroidManifest.xml:57:13-59:85
87                android:name="com.google.firebase.components:com.google.firebase.messaging.FirebaseMessagingKtxRegistrar"
87-->[com.google.firebase:firebase-messaging:23.3.1] AndroidManifest.xml:58:17-122
88                android:value="com.google.firebase.components.ComponentRegistrar" />
88-->[com.google.firebase:firebase-messaging:23.3.1] AndroidManifest.xml:59:17-82
89            <meta-data
89-->[com.google.firebase:firebase-messaging:23.3.1] AndroidManifest.xml:60:13-62:85
90                android:name="com.google.firebase.components:com.google.firebase.messaging.FirebaseMessagingRegistrar"
90-->[com.google.firebase:firebase-messaging:23.3.1] AndroidManifest.xml:61:17-119
91                android:value="com.google.firebase.components.ComponentRegistrar" />
91-->[com.google.firebase:firebase-messaging:23.3.1] AndroidManifest.xml:62:17-82
92            <meta-data
92-->[com.google.firebase:firebase-auth:22.3.0] AndroidManifest.xml:69:13-71:85
93                android:name="com.google.firebase.components:com.google.firebase.auth.FirebaseAuthRegistrar"
93-->[com.google.firebase:firebase-auth:22.3.0] AndroidManifest.xml:70:17-109
94                android:value="com.google.firebase.components.ComponentRegistrar" />
94-->[com.google.firebase:firebase-auth:22.3.0] AndroidManifest.xml:71:17-82
95            <meta-data
95-->[com.google.firebase:firebase-database:20.3.0] AndroidManifest.xml:29:13-31:85
96                android:name="com.google.firebase.components:com.google.firebase.database.FirebaseDatabaseKtxRegistrar"
96-->[com.google.firebase:firebase-database:20.3.0] AndroidManifest.xml:30:17-120
97                android:value="com.google.firebase.components.ComponentRegistrar" />
97-->[com.google.firebase:firebase-database:20.3.0] AndroidManifest.xml:31:17-82
98            <meta-data
98-->[com.google.firebase:firebase-database:20.3.0] AndroidManifest.xml:32:13-34:85
99                android:name="com.google.firebase.components:com.google.firebase.database.DatabaseRegistrar"
99-->[com.google.firebase:firebase-database:20.3.0] AndroidManifest.xml:33:17-109
100                android:value="com.google.firebase.components.ComponentRegistrar" />
100-->[com.google.firebase:firebase-database:20.3.0] AndroidManifest.xml:34:17-82
101            <meta-data
101-->[com.google.firebase:firebase-appcheck:17.1.1] AndroidManifest.xml:25:13-27:85
102                android:name="com.google.firebase.components:com.google.firebase.appcheck.FirebaseAppCheckKtxRegistrar"
102-->[com.google.firebase:firebase-appcheck:17.1.1] AndroidManifest.xml:26:17-120
103                android:value="com.google.firebase.components.ComponentRegistrar" />
103-->[com.google.firebase:firebase-appcheck:17.1.1] AndroidManifest.xml:27:17-82
104            <meta-data
104-->[com.google.firebase:firebase-appcheck:17.1.1] AndroidManifest.xml:28:13-30:85
105                android:name="com.google.firebase.components:com.google.firebase.appcheck.FirebaseAppCheckRegistrar"
105-->[com.google.firebase:firebase-appcheck:17.1.1] AndroidManifest.xml:29:17-117
106                android:value="com.google.firebase.components.ComponentRegistrar" />
106-->[com.google.firebase:firebase-appcheck:17.1.1] AndroidManifest.xml:30:17-82
107            <meta-data
107-->[com.google.android.gms:play-services-measurement-api:21.5.0] AndroidManifest.xml:37:13-39:85
108                android:name="com.google.firebase.components:com.google.firebase.analytics.connector.internal.AnalyticsConnectorRegistrar"
108-->[com.google.android.gms:play-services-measurement-api:21.5.0] AndroidManifest.xml:38:17-139
109                android:value="com.google.firebase.components.ComponentRegistrar" />
109-->[com.google.android.gms:play-services-measurement-api:21.5.0] AndroidManifest.xml:39:17-82
110            <meta-data
110-->[com.google.firebase:firebase-installations:17.2.0] AndroidManifest.xml:15:13-17:85
111                android:name="com.google.firebase.components:com.google.firebase.installations.FirebaseInstallationsKtxRegistrar"
111-->[com.google.firebase:firebase-installations:17.2.0] AndroidManifest.xml:16:17-130
112                android:value="com.google.firebase.components.ComponentRegistrar" />
112-->[com.google.firebase:firebase-installations:17.2.0] AndroidManifest.xml:17:17-82
113            <meta-data
113-->[com.google.firebase:firebase-installations:17.2.0] AndroidManifest.xml:18:13-20:85
114                android:name="com.google.firebase.components:com.google.firebase.installations.FirebaseInstallationsRegistrar"
114-->[com.google.firebase:firebase-installations:17.2.0] AndroidManifest.xml:19:17-127
115                android:value="com.google.firebase.components.ComponentRegistrar" />
115-->[com.google.firebase:firebase-installations:17.2.0] AndroidManifest.xml:20:17-82
116            <meta-data
116-->[com.google.firebase:firebase-common-ktx:20.4.2] AndroidManifest.xml:12:13-14:85
117                android:name="com.google.firebase.components:com.google.firebase.ktx.FirebaseCommonLegacyRegistrar"
117-->[com.google.firebase:firebase-common-ktx:20.4.2] AndroidManifest.xml:13:17-116
118                android:value="com.google.firebase.components.ComponentRegistrar" />
118-->[com.google.firebase:firebase-common-ktx:20.4.2] AndroidManifest.xml:14:17-82
119            <meta-data
119-->[com.google.firebase:firebase-common:20.4.2] AndroidManifest.xml:35:13-37:85
120                android:name="com.google.firebase.components:com.google.firebase.FirebaseCommonKtxRegistrar"
120-->[com.google.firebase:firebase-common:20.4.2] AndroidManifest.xml:36:17-109
121                android:value="com.google.firebase.components.ComponentRegistrar" />
121-->[com.google.firebase:firebase-common:20.4.2] AndroidManifest.xml:37:17-82
122            <meta-data
122-->[com.google.firebase:firebase-datatransport:18.1.7] AndroidManifest.xml:27:13-29:85
123                android:name="com.google.firebase.components:com.google.firebase.datatransport.TransportRegistrar"
123-->[com.google.firebase:firebase-datatransport:18.1.7] AndroidManifest.xml:28:17-115
124                android:value="com.google.firebase.components.ComponentRegistrar" />
124-->[com.google.firebase:firebase-datatransport:18.1.7] AndroidManifest.xml:29:17-82
125        </service>
126
127        <receiver
127-->[com.google.firebase:firebase-messaging:23.3.1] AndroidManifest.xml:29:9-40:20
128            android:name="com.google.firebase.iid.FirebaseInstanceIdReceiver"
128-->[com.google.firebase:firebase-messaging:23.3.1] AndroidManifest.xml:30:13-78
129            android:exported="true"
129-->[com.google.firebase:firebase-messaging:23.3.1] AndroidManifest.xml:31:13-36
130            android:permission="com.google.android.c2dm.permission.SEND" >
130-->[com.google.firebase:firebase-messaging:23.3.1] AndroidManifest.xml:32:13-73
131            <intent-filter>
131-->[com.google.firebase:firebase-messaging:23.3.1] AndroidManifest.xml:33:13-35:29
132                <action android:name="com.google.android.c2dm.intent.RECEIVE" />
132-->[com.google.firebase:firebase-messaging:23.3.1] AndroidManifest.xml:34:17-81
132-->[com.google.firebase:firebase-messaging:23.3.1] AndroidManifest.xml:34:25-78
133            </intent-filter>
134
135            <meta-data
135-->[com.google.firebase:firebase-messaging:23.3.1] AndroidManifest.xml:37:13-39:40
136                android:name="com.google.android.gms.cloudmessaging.FINISHED_AFTER_HANDLED"
136-->[com.google.firebase:firebase-messaging:23.3.1] AndroidManifest.xml:38:17-92
137                android:value="true" />
137-->[com.google.firebase:firebase-messaging:23.3.1] AndroidManifest.xml:39:17-37
138        </receiver>
139        <!--
140             FirebaseMessagingService performs security checks at runtime,
141             but set to not exported to explicitly avoid allowing another app to call it.
142        -->
143        <service
143-->[com.google.firebase:firebase-messaging:23.3.1] AndroidManifest.xml:46:9-53:19
144            android:name="com.google.firebase.messaging.FirebaseMessagingService"
144-->[com.google.firebase:firebase-messaging:23.3.1] AndroidManifest.xml:47:13-82
145            android:directBootAware="true"
145-->[com.google.firebase:firebase-messaging:23.3.1] AndroidManifest.xml:48:13-43
146            android:exported="false" >
146-->[com.google.firebase:firebase-messaging:23.3.1] AndroidManifest.xml:49:13-37
147            <intent-filter android:priority="-500" >
147-->[com.google.firebase:firebase-messaging:23.3.1] AndroidManifest.xml:50:13-52:29
147-->[com.google.firebase:firebase-messaging:23.3.1] AndroidManifest.xml:50:28-51
148                <action android:name="com.google.firebase.MESSAGING_EVENT" />
148-->[com.google.firebase:firebase-messaging:23.3.1] AndroidManifest.xml:51:17-78
148-->[com.google.firebase:firebase-messaging:23.3.1] AndroidManifest.xml:51:25-75
149            </intent-filter>
150        </service>
151
152        <activity
152-->[com.google.firebase:firebase-auth:22.3.0] AndroidManifest.xml:29:9-46:20
153            android:name="com.google.firebase.auth.internal.GenericIdpActivity"
153-->[com.google.firebase:firebase-auth:22.3.0] AndroidManifest.xml:30:13-80
154            android:excludeFromRecents="true"
154-->[com.google.firebase:firebase-auth:22.3.0] AndroidManifest.xml:31:13-46
155            android:exported="true"
155-->[com.google.firebase:firebase-auth:22.3.0] AndroidManifest.xml:32:13-36
156            android:launchMode="singleTask"
156-->[com.google.firebase:firebase-auth:22.3.0] AndroidManifest.xml:33:13-44
157            android:theme="@android:style/Theme.Translucent.NoTitleBar" >
157-->[com.google.firebase:firebase-auth:22.3.0] AndroidManifest.xml:34:13-72
158            <intent-filter>
158-->[com.google.firebase:firebase-auth:22.3.0] AndroidManifest.xml:35:13-45:29
159                <action android:name="android.intent.action.VIEW" />
159-->[com.google.firebase:firebase-auth:22.3.0] AndroidManifest.xml:36:17-69
159-->[com.google.firebase:firebase-auth:22.3.0] AndroidManifest.xml:36:25-66
160
161                <category android:name="android.intent.category.DEFAULT" />
161-->[com.google.firebase:firebase-auth:22.3.0] AndroidManifest.xml:38:17-76
161-->[com.google.firebase:firebase-auth:22.3.0] AndroidManifest.xml:38:27-73
162                <category android:name="android.intent.category.BROWSABLE" />
162-->[com.google.firebase:firebase-auth:22.3.0] AndroidManifest.xml:39:17-78
162-->[com.google.firebase:firebase-auth:22.3.0] AndroidManifest.xml:39:27-75
163
164                <data
164-->[com.google.firebase:firebase-auth:22.3.0] AndroidManifest.xml:41:17-44:51
165                    android:host="firebase.auth"
165-->[com.google.firebase:firebase-auth:22.3.0] AndroidManifest.xml:42:21-49
166                    android:path="/"
166-->[com.google.firebase:firebase-auth:22.3.0] AndroidManifest.xml:43:21-37
167                    android:scheme="genericidp" />
167-->[com.google.firebase:firebase-auth:22.3.0] AndroidManifest.xml:44:21-48
168            </intent-filter>
169        </activity>
170        <activity
170-->[com.google.firebase:firebase-auth:22.3.0] AndroidManifest.xml:47:9-64:20
171            android:name="com.google.firebase.auth.internal.RecaptchaActivity"
171-->[com.google.firebase:firebase-auth:22.3.0] AndroidManifest.xml:48:13-79
172            android:excludeFromRecents="true"
172-->[com.google.firebase:firebase-auth:22.3.0] AndroidManifest.xml:49:13-46
173            android:exported="true"
173-->[com.google.firebase:firebase-auth:22.3.0] AndroidManifest.xml:50:13-36
174            android:launchMode="singleTask"
174-->[com.google.firebase:firebase-auth:22.3.0] AndroidManifest.xml:51:13-44
175            android:theme="@android:style/Theme.Translucent.NoTitleBar" >
175-->[com.google.firebase:firebase-auth:22.3.0] AndroidManifest.xml:52:13-72
176            <intent-filter>
176-->[com.google.firebase:firebase-auth:22.3.0] AndroidManifest.xml:53:13-63:29
177                <action android:name="android.intent.action.VIEW" />
177-->[com.google.firebase:firebase-auth:22.3.0] AndroidManifest.xml:36:17-69
177-->[com.google.firebase:firebase-auth:22.3.0] AndroidManifest.xml:36:25-66
178
179                <category android:name="android.intent.category.DEFAULT" />
179-->[com.google.firebase:firebase-auth:22.3.0] AndroidManifest.xml:38:17-76
179-->[com.google.firebase:firebase-auth:22.3.0] AndroidManifest.xml:38:27-73
180                <category android:name="android.intent.category.BROWSABLE" />
180-->[com.google.firebase:firebase-auth:22.3.0] AndroidManifest.xml:39:17-78
180-->[com.google.firebase:firebase-auth:22.3.0] AndroidManifest.xml:39:27-75
181
182                <data
182-->[com.google.firebase:firebase-auth:22.3.0] AndroidManifest.xml:41:17-44:51
183                    android:host="firebase.auth"
183-->[com.google.firebase:firebase-auth:22.3.0] AndroidManifest.xml:42:21-49
184                    android:path="/"
184-->[com.google.firebase:firebase-auth:22.3.0] AndroidManifest.xml:43:21-37
185                    android:scheme="recaptcha" />
185-->[com.google.firebase:firebase-auth:22.3.0] AndroidManifest.xml:44:21-48
186            </intent-filter>
187        </activity>
188
189        <property
189-->[com.google.android.gms:play-services-measurement-api:21.5.0] AndroidManifest.xml:30:9-32:61
190            android:name="android.adservices.AD_SERVICES_CONFIG"
190-->[com.google.android.gms:play-services-measurement-api:21.5.0] AndroidManifest.xml:31:13-65
191            android:resource="@xml/ga_ad_services_config" />
191-->[com.google.android.gms:play-services-measurement-api:21.5.0] AndroidManifest.xml:32:13-58
192
193        <receiver
193-->[com.google.android.gms:play-services-measurement:21.5.0] AndroidManifest.xml:29:9-33:20
194            android:name="com.google.android.gms.measurement.AppMeasurementReceiver"
194-->[com.google.android.gms:play-services-measurement:21.5.0] AndroidManifest.xml:30:13-85
195            android:enabled="true"
195-->[com.google.android.gms:play-services-measurement:21.5.0] AndroidManifest.xml:31:13-35
196            android:exported="false" >
196-->[com.google.android.gms:play-services-measurement:21.5.0] AndroidManifest.xml:32:13-37
197        </receiver>
198
199        <service
199-->[com.google.android.gms:play-services-measurement:21.5.0] AndroidManifest.xml:35:9-38:40
200            android:name="com.google.android.gms.measurement.AppMeasurementService"
200-->[com.google.android.gms:play-services-measurement:21.5.0] AndroidManifest.xml:36:13-84
201            android:enabled="true"
201-->[com.google.android.gms:play-services-measurement:21.5.0] AndroidManifest.xml:37:13-35
202            android:exported="false" />
202-->[com.google.android.gms:play-services-measurement:21.5.0] AndroidManifest.xml:38:13-37
203        <service
203-->[com.google.android.gms:play-services-measurement:21.5.0] AndroidManifest.xml:39:9-43:72
204            android:name="com.google.android.gms.measurement.AppMeasurementJobService"
204-->[com.google.android.gms:play-services-measurement:21.5.0] AndroidManifest.xml:40:13-87
205            android:enabled="true"
205-->[com.google.android.gms:play-services-measurement:21.5.0] AndroidManifest.xml:41:13-35
206            android:exported="false"
206-->[com.google.android.gms:play-services-measurement:21.5.0] AndroidManifest.xml:42:13-37
207            android:permission="android.permission.BIND_JOB_SERVICE" />
207-->[com.google.android.gms:play-services-measurement:21.5.0] AndroidManifest.xml:43:13-69
208
209        <uses-library
209-->[androidx.privacysandbox.ads:ads-adservices:1.0.0-beta05] AndroidManifest.xml:23:9-25:40
210            android:name="android.ext.adservices"
210-->[androidx.privacysandbox.ads:ads-adservices:1.0.0-beta05] AndroidManifest.xml:24:13-50
211            android:required="false" />
211-->[androidx.privacysandbox.ads:ads-adservices:1.0.0-beta05] AndroidManifest.xml:25:13-37
212
213        <provider
213-->[com.google.firebase:firebase-common:20.4.2] AndroidManifest.xml:23:9-28:39
214            android:name="com.google.firebase.provider.FirebaseInitProvider"
214-->[com.google.firebase:firebase-common:20.4.2] AndroidManifest.xml:24:13-77
215            android:authorities="com.example.workx.firebaseinitprovider"
215-->[com.google.firebase:firebase-common:20.4.2] AndroidManifest.xml:25:13-72
216            android:directBootAware="true"
216-->[com.google.firebase:firebase-common:20.4.2] AndroidManifest.xml:26:13-43
217            android:exported="false"
217-->[com.google.firebase:firebase-common:20.4.2] AndroidManifest.xml:27:13-37
218            android:initOrder="100" />
218-->[com.google.firebase:firebase-common:20.4.2] AndroidManifest.xml:28:13-36
219
220        <activity
220-->[com.google.android.gms:play-services-base:18.1.0] AndroidManifest.xml:20:9-22:45
221            android:name="com.google.android.gms.common.api.GoogleApiActivity"
221-->[com.google.android.gms:play-services-base:18.1.0] AndroidManifest.xml:20:19-85
222            android:exported="false"
222-->[com.google.android.gms:play-services-base:18.1.0] AndroidManifest.xml:22:19-43
223            android:theme="@android:style/Theme.Translucent.NoTitleBar" />
223-->[com.google.android.gms:play-services-base:18.1.0] AndroidManifest.xml:21:19-78
224
225        <meta-data
225-->[com.google.android.gms:play-services-basement:18.1.0] AndroidManifest.xml:21:9-23:69
226            android:name="com.google.android.gms.version"
226-->[com.google.android.gms:play-services-basement:18.1.0] AndroidManifest.xml:22:13-58
227            android:value="@integer/google_play_services_version" />
227-->[com.google.android.gms:play-services-basement:18.1.0] AndroidManifest.xml:23:13-66
228
229        <provider
229-->[androidx.emoji2:emoji2:1.2.0] AndroidManifest.xml:24:9-32:20
230            android:name="androidx.startup.InitializationProvider"
230-->[androidx.emoji2:emoji2:1.2.0] AndroidManifest.xml:25:13-67
231            android:authorities="com.example.workx.androidx-startup"
231-->[androidx.emoji2:emoji2:1.2.0] AndroidManifest.xml:26:13-68
232            android:exported="false" >
232-->[androidx.emoji2:emoji2:1.2.0] AndroidManifest.xml:27:13-37
233            <meta-data
233-->[androidx.emoji2:emoji2:1.2.0] AndroidManifest.xml:29:13-31:52
234                android:name="androidx.emoji2.text.EmojiCompatInitializer"
234-->[androidx.emoji2:emoji2:1.2.0] AndroidManifest.xml:30:17-75
235                android:value="androidx.startup" />
235-->[androidx.emoji2:emoji2:1.2.0] AndroidManifest.xml:31:17-49
236            <meta-data
236-->[androidx.lifecycle:lifecycle-process:2.6.1] AndroidManifest.xml:29:13-31:52
237                android:name="androidx.lifecycle.ProcessLifecycleInitializer"
237-->[androidx.lifecycle:lifecycle-process:2.6.1] AndroidManifest.xml:30:17-78
238                android:value="androidx.startup" />
238-->[androidx.lifecycle:lifecycle-process:2.6.1] AndroidManifest.xml:31:17-49
239            <meta-data
239-->[androidx.profileinstaller:profileinstaller:1.3.0] AndroidManifest.xml:29:13-31:52
240                android:name="androidx.profileinstaller.ProfileInstallerInitializer"
240-->[androidx.profileinstaller:profileinstaller:1.3.0] AndroidManifest.xml:30:17-85
241                android:value="androidx.startup" />
241-->[androidx.profileinstaller:profileinstaller:1.3.0] AndroidManifest.xml:31:17-49
242        </provider>
243        <provider
243-->[com.squareup.picasso:picasso:2.71828] AndroidManifest.xml:8:9-11:40
244            android:name="com.squareup.picasso.PicassoProvider"
244-->[com.squareup.picasso:picasso:2.71828] AndroidManifest.xml:9:13-64
245            android:authorities="com.example.workx.com.squareup.picasso"
245-->[com.squareup.picasso:picasso:2.71828] AndroidManifest.xml:10:13-72
246            android:exported="false" />
246-->[com.squareup.picasso:picasso:2.71828] AndroidManifest.xml:11:13-37
247
248        <service
248-->[com.google.android.datatransport:transport-backend-cct:3.1.8] AndroidManifest.xml:28:9-34:19
249            android:name="com.google.android.datatransport.runtime.backends.TransportBackendDiscovery"
249-->[com.google.android.datatransport:transport-backend-cct:3.1.8] AndroidManifest.xml:29:13-103
250            android:exported="false" >
250-->[com.google.android.datatransport:transport-backend-cct:3.1.8] AndroidManifest.xml:30:13-37
251            <meta-data
251-->[com.google.android.datatransport:transport-backend-cct:3.1.8] AndroidManifest.xml:31:13-33:39
252                android:name="backend:com.google.android.datatransport.cct.CctBackendFactory"
252-->[com.google.android.datatransport:transport-backend-cct:3.1.8] AndroidManifest.xml:32:17-94
253                android:value="cct" />
253-->[com.google.android.datatransport:transport-backend-cct:3.1.8] AndroidManifest.xml:33:17-36
254        </service>
255        <service